<?xml version="1.0" encoding="UTF-8"?>
<coverage generated="1524861362394" clover="3.2.0">
  <project timestamp="1524861362394" name="All files">
    <metrics statements="161" coveredstatements="78" conditionals="46" coveredconditionals="22" methods="65" coveredmethods="25" elements="272" coveredelements="125" complexity="0" loc="161" ncloc="161" packages="7" files="18" classes="18">
      <package name="swapy-financial-id">
        <metrics statements="1" coveredstatements="1" conditionals="0" coveredconditionals="0" methods="1" coveredmethods="1"/>
        <file name="App.js" path="/home/icaro/workfolder/swapy-financial-id/App.js">
          <metrics statements="1" coveredstatements="1" conditionals="0" coveredconditionals="0" methods="1" coveredmethods="1"/>
          <line num="10" count="1" type="stmt"/>
        </file>
      </package>
      <package name="swapy-financial-id.app.assets">
        <metrics statements="1" coveredstatements="1" conditionals="0" coveredconditionals="0" methods="0" coveredmethods="0"/>
        <file name="logo.png" path="/home/icaro/workfolder/swapy-financial-id/app/assets/logo.png">
          <metrics statements="1" coveredstatements="1" conditionals="0" coveredconditionals="0" methods="0" coveredmethods="0"/>
          <line num="1" count="2" type="stmt"/>
        </file>
      </package>
      <package name="swapy-financial-id.app.components">
        <metrics statements="29" coveredstatements="29" conditionals="18" coveredconditionals="14" methods="10" coveredmethods="10"/>
        <file name="balances.js" path="/home/icaro/workfolder/swapy-financial-id/app/components/balances.js">
          <metrics statements="14" coveredstatements="14" conditionals="14" coveredconditionals="11" methods="6" coveredmethods="6"/>
          <line num="23" count="3" type="stmt"/>
          <line num="24" count="3" type="stmt"/>
          <line num="25" count="1" type="stmt"/>
          <line num="29" count="3" type="stmt"/>
          <line num="31" count="4" type="stmt"/>
          <line num="34" count="4" type="stmt"/>
          <line num="35" count="4" type="cond" truecount="1" falsecount="1"/>
          <line num="36" count="4" type="cond" truecount="1" falsecount="1"/>
          <line num="40" count="4" type="cond" truecount="1" falsecount="1"/>
          <line num="41" count="4" type="cond" truecount="2" falsecount="0"/>
          <line num="42" count="4" type="cond" truecount="2" falsecount="0"/>
          <line num="46" count="4" type="stmt"/>
          <line num="53" count="7" type="stmt"/>
          <line num="66" count="7" type="stmt"/>
        </file>
        <file name="button.js" path="/home/icaro/workfolder/swapy-financial-id/app/components/button.js">
          <metrics statements="3" coveredstatements="3" conditionals="0" coveredconditionals="0" methods="1" coveredmethods="1"/>
          <line num="11" count="7" type="stmt"/>
          <line num="12" count="8" type="stmt"/>
          <line num="21" count="7" type="stmt"/>
        </file>
        <file name="container.js" path="/home/icaro/workfolder/swapy-financial-id/app/components/container.js">
          <metrics statements="4" coveredstatements="4" conditionals="0" coveredconditionals="0" methods="1" coveredmethods="1"/>
          <line num="10" count="7" type="stmt"/>
          <line num="11" count="1" type="stmt"/>
          <line num="16" count="7" type="stmt"/>
          <line num="20" count="7" type="stmt"/>
        </file>
        <file name="index.js" path="/home/icaro/workfolder/swapy-financial-id/app/components/index.js">
          <metrics statements="0" coveredstatements="0" conditionals="0" coveredconditionals="0" methods="0" coveredmethods="0"/>
        </file>
        <file name="profileCard.js" path="/home/icaro/workfolder/swapy-financial-id/app/components/profileCard.js">
          <metrics statements="4" coveredstatements="4" conditionals="2" coveredconditionals="1" methods="1" coveredmethods="1"/>
          <line num="16" count="7" type="stmt"/>
          <line num="17" count="1" type="stmt"/>
          <line num="40" count="7" type="stmt"/>
          <line num="49" count="7" type="stmt"/>
        </file>
        <file name="textBox.js" path="/home/icaro/workfolder/swapy-financial-id/app/components/textBox.js">
          <metrics statements="4" coveredstatements="4" conditionals="2" coveredconditionals="2" methods="1" coveredmethods="1"/>
          <line num="12" count="7" type="stmt"/>
          <line num="13" count="3" type="stmt"/>
          <line num="20" count="7" type="stmt"/>
          <line num="24" count="7" type="stmt"/>
        </file>
      </package>
      <package name="swapy-financial-id.app.config">
        <metrics statements="6" coveredstatements="2" conditionals="0" coveredconditionals="0" methods="5" coveredmethods="1"/>
        <file name="router.js" path="/home/icaro/workfolder/swapy-financial-id/app/config/router.js">
          <metrics statements="6" coveredstatements="2" conditionals="0" coveredconditionals="0" methods="5" coveredmethods="1"/>
          <line num="14" count="1" type="stmt"/>
          <line num="17" count="1" type="stmt"/>
          <line num="23" count="0" type="stmt"/>
          <line num="29" count="0" type="stmt"/>
          <line num="35" count="0" type="stmt"/>
          <line num="41" count="0" type="stmt"/>
        </file>
        <file name="styles.js" path="/home/icaro/workfolder/swapy-financial-id/app/config/styles.js">
          <metrics statements="0" coveredstatements="0" conditionals="0" coveredconditionals="0" methods="0" coveredmethods="0"/>
        </file>
      </package>
      <package name="swapy-financial-id.app.lib">
        <metrics statements="31" coveredstatements="6" conditionals="5" coveredconditionals="0" methods="11" coveredmethods="3"/>
        <file name="identity.js" path="/home/icaro/workfolder/swapy-financial-id/app/lib/identity.js">
          <metrics statements="14" coveredstatements="1" conditionals="3" coveredconditionals="0" methods="7" coveredmethods="1"/>
          <line num="60" count="5" type="stmt"/>
          <line num="64" count="0" type="stmt"/>
          <line num="91" count="0" type="stmt"/>
          <line num="92" count="0" type="cond" truecount="0" falsecount="2"/>
          <line num="93" count="0" type="stmt"/>
          <line num="95" count="0" type="stmt"/>
          <line num="99" count="0" type="stmt"/>
          <line num="101" count="0" type="stmt"/>
          <line num="111" count="0" type="stmt"/>
          <line num="112" count="0" type="stmt"/>
          <line num="114" count="0" type="stmt"/>
          <line num="119" count="0" type="stmt"/>
          <line num="120" count="0" type="stmt"/>
          <line num="122" count="0" type="stmt"/>
        </file>
        <file name="wallet.js" path="/home/icaro/workfolder/swapy-financial-id/app/lib/wallet.js">
          <metrics statements="17" coveredstatements="5" conditionals="2" coveredconditionals="0" methods="4" coveredmethods="2"/>
          <line num="18" count="0" type="stmt"/>
          <line num="19" count="0" type="stmt"/>
          <line num="23" count="0" type="stmt"/>
          <line num="25" count="0" type="stmt"/>
          <line num="30" count="0" type="stmt"/>
          <line num="31" count="0" type="stmt"/>
          <line num="33" count="0" type="stmt"/>
          <line num="38" count="1" type="stmt"/>
          <line num="39" count="1" type="stmt"/>
          <line num="41" count="1" type="stmt"/>
          <line num="46" count="1" type="stmt"/>
          <line num="47" count="1" type="stmt"/>
          <line num="48" count="0" type="cond" truecount="0" falsecount="2"/>
          <line num="49" count="0" type="stmt"/>
          <line num="51" count="0" type="stmt"/>
          <line num="53" count="0" type="stmt"/>
          <line num="55" count="0" type="stmt"/>
        </file>
      </package>
      <package name="swapy-financial-id.app.screens">
        <metrics statements="76" coveredstatements="22" conditionals="23" coveredconditionals="8" methods="34" coveredmethods="6"/>
        <file name="home.js" path="/home/icaro/workfolder/swapy-financial-id/app/screens/home.js">
          <metrics statements="19" coveredstatements="18" conditionals="8" coveredconditionals="8" methods="7" coveredmethods="6"/>
          <line num="40" count="7" type="stmt"/>
          <line num="41" count="7" type="stmt"/>
          <line num="42" count="6" type="stmt"/>
          <line num="44" count="6" type="cond" truecount="4" falsecount="0"/>
          <line num="45" count="4" type="stmt"/>
          <line num="47" count="2" type="stmt"/>
          <line num="50" count="0" type="stmt"/>
          <line num="53" count="6" type="stmt"/>
          <line num="57" count="1" type="stmt"/>
          <line num="58" count="1" type="stmt"/>
          <line num="59" count="1" type="stmt"/>
          <line num="61" count="1" type="stmt"/>
          <line num="68" count="6" type="cond" truecount="2" falsecount="0"/>
          <line num="69" count="4" type="stmt"/>
          <line num="70" count="1" type="stmt"/>
          <line num="75" count="2" type="stmt"/>
          <line num="78" count="1" type="stmt"/>
          <line num="92" count="13" type="stmt"/>
          <line num="113" count="2" type="stmt"/>
        </file>
        <file name="profile.js" path="/home/icaro/workfolder/swapy-financial-id/app/screens/profile.js">
          <metrics statements="16" coveredstatements="1" conditionals="11" coveredconditionals="0" methods="9" coveredmethods="0"/>
          <line num="32" count="0" type="stmt"/>
          <line num="33" count="0" type="stmt"/>
          <line num="34" count="0" type="stmt"/>
          <line num="35" count="0" type="cond" truecount="0" falsecount="2"/>
          <line num="36" count="0" type="stmt"/>
          <line num="40" count="0" type="stmt"/>
          <line num="46" count="0" type="stmt"/>
          <line num="55" count="0" type="stmt"/>
          <line num="65" count="0" type="stmt"/>
          <line num="71" count="0" type="stmt"/>
          <line num="83" count="0" type="stmt"/>
          <line num="91" count="0" type="cond" truecount="0" falsecount="5"/>
          <line num="94" count="0" type="stmt"/>
          <line num="105" count="0" type="stmt"/>
          <line num="119" count="0" type="stmt"/>
          <line num="132" count="1" type="stmt"/>
        </file>
        <file name="seedWords.js" path="/home/icaro/workfolder/swapy-financial-id/app/screens/seedWords.js">
          <metrics statements="16" coveredstatements="1" conditionals="0" coveredconditionals="0" methods="7" coveredmethods="0"/>
          <line num="25" count="0" type="stmt"/>
          <line num="26" count="0" type="stmt"/>
          <line num="28" count="0" type="stmt"/>
          <line num="33" count="0" type="stmt"/>
          <line num="34" count="0" type="stmt"/>
          <line num="40" count="0" type="stmt"/>
          <line num="42" count="0" type="stmt"/>
          <line num="43" count="0" type="stmt"/>
          <line num="47" count="0" type="stmt"/>
          <line num="49" count="0" type="stmt"/>
          <line num="53" count="0" type="stmt"/>
          <line num="57" count="0" type="stmt"/>
          <line num="63" count="0" type="stmt"/>
          <line num="67" count="0" type="stmt"/>
          <line num="81" count="0" type="stmt"/>
          <line num="90" count="1" type="stmt"/>
        </file>
        <file name="signUp.js" path="/home/icaro/workfolder/swapy-financial-id/app/screens/signUp.js">
          <metrics statements="21" coveredstatements="1" conditionals="4" coveredconditionals="0" methods="8" coveredmethods="0"/>
          <line num="54" count="0" type="stmt"/>
          <line num="55" count="0" type="stmt"/>
          <line num="56" count="0" type="stmt"/>
          <line num="60" count="0" type="stmt"/>
          <line num="66" count="0" type="stmt"/>
          <line num="71" count="0" type="stmt"/>
          <line num="72" count="0" type="stmt"/>
          <line num="74" count="0" type="stmt"/>
          <line num="75" count="0" type="stmt"/>
          <line num="85" count="0" type="stmt"/>
          <line num="86" count="0" type="stmt"/>
          <line num="88" count="0" type="stmt"/>
          <line num="90" count="0" type="stmt"/>
          <line num="91" count="0" type="stmt"/>
          <line num="96" count="0" type="stmt"/>
          <line num="101" count="0" type="stmt"/>
          <line num="113" count="0" type="stmt"/>
          <line num="116" count="0" type="stmt"/>
          <line num="120" count="0" type="stmt"/>
          <line num="134" count="0" type="stmt"/>
          <line num="142" count="1" type="stmt"/>
        </file>
        <file name="termsOfUse.js" path="/home/icaro/workfolder/swapy-financial-id/app/screens/termsOfUse.js">
          <metrics statements="4" coveredstatements="1" conditionals="0" coveredconditionals="0" methods="3" coveredmethods="0"/>
          <line num="14" count="1" type="stmt"/>
          <line num="15" count="0" type="stmt"/>
          <line num="21" count="0" type="stmt"/>
          <line num="25" count="0" type="stmt"/>
        </file>
      </package>
      <package name="swapy-financial-id.tests">
        <metrics statements="17" coveredstatements="17" conditionals="0" coveredconditionals="0" methods="4" coveredmethods="4"/>
        <file name="setup.js" path="/home/icaro/workfolder/swapy-financial-id/tests/setup.js">
          <metrics statements="17" coveredstatements="17" conditionals="0" coveredconditionals="0" methods="4" coveredmethods="4"/>
          <line num="3" count="7" type="stmt"/>
          <line num="5" count="7" type="stmt"/>
          <line num="6" count="7" type="stmt"/>
          <line num="9" count="7" type="stmt"/>
          <line num="10" count="2275" type="stmt"/>
          <line num="11" count="2149" type="stmt"/>
          <line num="12" count="7" type="stmt"/>
          <line num="15" count="7" type="stmt"/>
          <line num="16" count="7" type="stmt"/>
          <line num="17" count="7" type="stmt"/>
          <line num="20" count="7" type="stmt"/>
          <line num="23" count="7" type="stmt"/>
          <line num="24" count="7" type="stmt"/>
          <line num="26" count="7" type="stmt"/>
          <line num="29" count="7" type="stmt"/>
          <line num="30" count="96" type="stmt"/>
          <line num="33" count="7" type="stmt"/>
        </file>
      </package>
    </metrics>
  </project>
</coverage>
