{"/home/icaro/workfolder/swapy-financial-id/App.js": {"path":"/home/icaro/workfolder/swapy-financial-id/App.js","statementMap":{"0":{"start":{"line":10,"column":12},"end":{"line":10,"column":31}},"1":{"start":{"line":10,"column":18},"end":{"line":10,"column":31}}},"fnMap":{"0":{"name":"(anonymous_0)","decl":{"start":{"line":10,"column":12},"end":{"line":10,"column":13}},"loc":{"start":{"line":10,"column":18},"end":{"line":10,"column":31}},"line":10}},"branchMap":{},"s":{"0":1,"1":1},"f":{"0":1},"b":{},"_coverageSchema":"332fd63041d2c1bcb487cc26dd0d5f7d97098a6c","hash":"30d9b1bc5622ee3fa258f90d9da7b84087cf5b2a"}
,"/home/icaro/workfolder/swapy-financial-id/app/assets/logo.png": {"path":"/home/icaro/workfolder/swapy-financial-id/app/assets/logo.png","statementMap":{"0":{"start":{"line":1,"column":0},"end":{"line":3,"column":6}}},"fnMap":{},"branchMap":{},"s":{"0":2},"f":{},"b":{},"_coverageSchema":"332fd63041d2c1bcb487cc26dd0d5f7d97098a6c","hash":"af3840a3f95f59c07b85268d1666722d5534a543"}
,"/home/icaro/workfolder/swapy-financial-id/app/components/balances.js": {"path":"/home/icaro/workfolder/swapy-financial-id/app/components/balances.js","statementMap":{"0":{"start":{"line":23,"column":4},"end":{"line":23,"column":30}},"1":{"start":{"line":24,"column":4},"end":{"line":26,"column":14}},"2":{"start":{"line":25,"column":6},"end":{"line":25,"column":26}},"3":{"start":{"line":29,"column":69},"end":{"line":29,"column":127}},"4":{"start":{"line":31,"column":51},"end":{"line":31,"column":116}},"5":{"start":{"line":34,"column":26},"end":{"line":34,"column":68}},"6":{"start":{"line":35,"column":36},"end":{"line":35,"column":132}},"7":{"start":{"line":36,"column":4},"end":{"line":38,"column":17}},"8":{"start":{"line":40,"column":28},"end":{"line":40,"column":113}},"9":{"start":{"line":41,"column":38},"end":{"line":41,"column":111}},"10":{"start":{"line":42,"column":4},"end":{"line":44,"column":19}},"11":{"start":{"line":46,"column":4},"end":{"line":49,"column":7}},"12":{"start":{"line":53,"column":4},"end":{"line":62,"column":6}},"13":{"start":{"line":66,"column":15},"end":{"line":71,"column":2}}},"fnMap":{"0":{"name":"(anonymous_0)","decl":{"start":{"line":22,"column":2},"end":{"line":22,"column":3}},"loc":{"start":{"line":22,"column":28},"end":{"line":27,"column":3}},"line":22},"1":{"name":"(anonymous_1)","decl":{"start":{"line":24,"column":16},"end":{"line":24,"column":17}},"loc":{"start":{"line":24,"column":22},"end":{"line":26,"column":5}},"line":24},"2":{"name":"(anonymous_2)","decl":{"start":{"line":29,"column":20},"end":{"line":29,"column":21}},"loc":{"start":{"line":29,"column":69},"end":{"line":29,"column":127}},"line":29},"3":{"name":"(anonymous_3)","decl":{"start":{"line":31,"column":18},"end":{"line":31,"column":19}},"loc":{"start":{"line":31,"column":51},"end":{"line":31,"column":116}},"line":31},"4":{"name":"(anonymous_4)","decl":{"start":{"line":33,"column":2},"end":{"line":33,"column":3}},"loc":{"start":{"line":33,"column":23},"end":{"line":50,"column":3}},"line":33},"5":{"name":"(anonymous_5)","decl":{"start":{"line":52,"column":2},"end":{"line":52,"column":3}},"loc":{"start":{"line":52,"column":11},"end":{"line":63,"column":3}},"line":52}},"branchMap":{"0":{"loc":{"start":{"line":35,"column":36},"end":{"line":35,"column":132}},"type":"cond-expr","locations":[{"start":{"line":35,"column":52},"end":{"line":35,"column":120}},{"start":{"line":35,"column":123},"end":{"line":35,"column":132}}],"line":35},"1":{"loc":{"start":{"line":36,"column":17},"end":{"line":38,"column":16}},"type":"cond-expr","locations":[{"start":{"line":37,"column":6},"end":{"line":37,"column":86}},{"start":{"line":38,"column":6},"end":{"line":38,"column":16}}],"line":36},"2":{"loc":{"start":{"line":40,"column":28},"end":{"line":40,"column":113}},"type":"cond-expr","locations":[{"start":{"line":40,"column":62},"end":{"line":40,"column":101}},{"start":{"line":40,"column":104},"end":{"line":40,"column":113}}],"line":40},"3":{"loc":{"start":{"line":41,"column":38},"end":{"line":41,"column":111}},"type":"cond-expr","locations":[{"start":{"line":41,"column":56},"end":{"line":41,"column":99}},{"start":{"line":41,"column":102},"end":{"line":41,"column":111}}],"line":41},"4":{"loc":{"start":{"line":42,"column":19},"end":{"line":44,"column":18}},"type":"cond-expr","locations":[{"start":{"line":43,"column":6},"end":{"line":43,"column":88}},{"start":{"line":44,"column":6},"end":{"line":44,"column":18}}],"line":42},"5":{"loc":{"start":{"line":56,"column":11},"end":{"line":56,"column":77}},"type":"cond-expr","locations":[{"start":{"line":56,"column":35},"end":{"line":56,"column":65}},{"start":{"line":56,"column":68},"end":{"line":56,"column":77}}],"line":56},"6":{"loc":{"start":{"line":59,"column":11},"end":{"line":59,"column":83}},"type":"cond-expr","locations":[{"start":{"line":59,"column":37},"end":{"line":59,"column":71}},{"start":{"line":59,"column":74},"end":{"line":59,"column":83}}],"line":59}},"s":{"0":3,"1":3,"2":1,"3":3,"4":4,"5":4,"6":4,"7":4,"8":4,"9":4,"10":4,"11":4,"12":7,"13":7},"f":{"0":3,"1":1,"2":3,"3":4,"4":4,"5":7},"b":{"0":[4,0],"1":[4,0],"2":[4,0],"3":[3,1],"4":[3,1],"5":[4,3],"6":[3,4]},"_coverageSchema":"332fd63041d2c1bcb487cc26dd0d5f7d97098a6c","hash":"34b76b44a3ef7d8950bb215f690bd7305e49b228"}
,"/home/icaro/workfolder/swapy-financial-id/app/components/button.js": {"path":"/home/icaro/workfolder/swapy-financial-id/app/components/button.js","statementMap":{"0":{"start":{"line":11,"column":15},"end":{"line":17,"column":1}},"1":{"start":{"line":12,"column":2},"end":{"line":16,"column":9}},"2":{"start":{"line":21,"column":15},"end":{"line":34,"column":2}}},"fnMap":{"0":{"name":"(anonymous_0)","decl":{"start":{"line":11,"column":15},"end":{"line":11,"column":16}},"loc":{"start":{"line":12,"column":2},"end":{"line":16,"column":9}},"line":12}},"branchMap":{},"s":{"0":7,"1":8,"2":7},"f":{"0":8},"b":{},"_coverageSchema":"332fd63041d2c1bcb487cc26dd0d5f7d97098a6c","hash":"340233060f9060359da1d91ee00a454bed455210"}
,"/home/icaro/workfolder/swapy-financial-id/app/components/container.js": {"path":"/home/icaro/workfolder/swapy-financial-id/app/components/container.js","statementMap":{"0":{"start":{"line":10,"column":18},"end":{"line":14,"column":1}},"1":{"start":{"line":11,"column":2},"end":{"line":13,"column":9}},"2":{"start":{"line":16,"column":0},"end":{"line":16,"column":42}},"3":{"start":{"line":20,"column":15},"end":{"line":20,"column":51}}},"fnMap":{"0":{"name":"(anonymous_0)","decl":{"start":{"line":10,"column":18},"end":{"line":10,"column":19}},"loc":{"start":{"line":11,"column":2},"end":{"line":13,"column":9}},"line":11}},"branchMap":{},"s":{"0":7,"1":1,"2":7,"3":7},"f":{"0":1},"b":{},"_coverageSchema":"332fd63041d2c1bcb487cc26dd0d5f7d97098a6c","hash":"8212b0bdb9caa2a610813d3b9fd5b2cb36597a46"}
,"/home/icaro/workfolder/swapy-financial-id/app/components/index.js": {"path":"/home/icaro/workfolder/swapy-financial-id/app/components/index.js","statementMap":{},"fnMap":{},"branchMap":{},"s":{},"f":{},"b":{},"_coverageSchema":"332fd63041d2c1bcb487cc26dd0d5f7d97098a6c","hash":"ffa98acbe3ebcc6ea364684dc881af2540017d06"}
,"/home/icaro/workfolder/swapy-financial-id/app/components/profileCard.js": {"path":"/home/icaro/workfolder/swapy-financial-id/app/components/profileCard.js","statementMap":{"0":{"start":{"line":16,"column":20},"end":{"line":38,"column":1}},"1":{"start":{"line":17,"column":2},"end":{"line":37,"column":9}},"2":{"start":{"line":40,"column":0},"end":{"line":45,"column":2}},"3":{"start":{"line":49,"column":15},"end":{"line":85,"column":2}}},"fnMap":{"0":{"name":"(anonymous_0)","decl":{"start":{"line":16,"column":20},"end":{"line":16,"column":21}},"loc":{"start":{"line":17,"column":2},"end":{"line":37,"column":9}},"line":17}},"branchMap":{"0":{"loc":{"start":{"line":34,"column":43},"end":{"line":34,"column":69}},"type":"cond-expr","locations":[{"start":{"line":34,"column":58},"end":{"line":34,"column":64}},{"start":{"line":34,"column":67},"end":{"line":34,"column":69}}],"line":34}},"s":{"0":7,"1":1,"2":7,"3":7},"f":{"0":1},"b":{"0":[1,0]},"_coverageSchema":"332fd63041d2c1bcb487cc26dd0d5f7d97098a6c","hash":"45a46ecdb9a27affea524844a9e7a44af41bb105"}
,"/home/icaro/workfolder/swapy-financial-id/app/components/textBox.js": {"path":"/home/icaro/workfolder/swapy-financial-id/app/components/textBox.js","statementMap":{"0":{"start":{"line":12,"column":16},"end":{"line":18,"column":1}},"1":{"start":{"line":13,"column":2},"end":{"line":17,"column":15}},"2":{"start":{"line":20,"column":0},"end":{"line":20,"column":40}},"3":{"start":{"line":24,"column":15},"end":{"line":44,"column":2}}},"fnMap":{"0":{"name":"(anonymous_0)","decl":{"start":{"line":12,"column":16},"end":{"line":12,"column":17}},"loc":{"start":{"line":13,"column":2},"end":{"line":17,"column":15}},"line":13}},"branchMap":{"0":{"loc":{"start":{"line":14,"column":17},"end":{"line":14,"column":59}},"type":"cond-expr","locations":[{"start":{"line":14,"column":30},"end":{"line":14,"column":45}},{"start":{"line":14,"column":48},"end":{"line":14,"column":59}}],"line":14}},"s":{"0":7,"1":3,"2":7,"3":7},"f":{"0":3},"b":{"0":[1,2]},"_coverageSchema":"332fd63041d2c1bcb487cc26dd0d5f7d97098a6c","hash":"c0f1811095befb8256d36ea3927f96451c29d8c9"}
,"/home/icaro/workfolder/swapy-financial-id/app/config/router.js": {"path":"/home/icaro/workfolder/swapy-financial-id/app/config/router.js","statementMap":{"0":{"start":{"line":14,"column":18},"end":{"line":56,"column":2}},"1":{"start":{"line":17,"column":30},"end":{"line":19,"column":5}},"2":{"start":{"line":23,"column":30},"end":{"line":25,"column":5}},"3":{"start":{"line":29,"column":30},"end":{"line":31,"column":5}},"4":{"start":{"line":35,"column":30},"end":{"line":37,"column":5}},"5":{"start":{"line":41,"column":30},"end":{"line":43,"column":5}}},"fnMap":{"0":{"name":"(anonymous_0)","decl":{"start":{"line":17,"column":23},"end":{"line":17,"column":24}},"loc":{"start":{"line":17,"column":30},"end":{"line":19,"column":5}},"line":17},"1":{"name":"(anonymous_1)","decl":{"start":{"line":23,"column":23},"end":{"line":23,"column":24}},"loc":{"start":{"line":23,"column":30},"end":{"line":25,"column":5}},"line":23},"2":{"name":"(anonymous_2)","decl":{"start":{"line":29,"column":23},"end":{"line":29,"column":24}},"loc":{"start":{"line":29,"column":30},"end":{"line":31,"column":5}},"line":29},"3":{"name":"(anonymous_3)","decl":{"start":{"line":35,"column":23},"end":{"line":35,"column":24}},"loc":{"start":{"line":35,"column":30},"end":{"line":37,"column":5}},"line":35},"4":{"name":"(anonymous_4)","decl":{"start":{"line":41,"column":23},"end":{"line":41,"column":24}},"loc":{"start":{"line":41,"column":30},"end":{"line":43,"column":5}},"line":41}},"branchMap":{},"s":{"0":1,"1":1,"2":0,"3":0,"4":0,"5":0},"f":{"0":1,"1":0,"2":0,"3":0,"4":0},"b":{},"_coverageSchema":"332fd63041d2c1bcb487cc26dd0d5f7d97098a6c","hash":"f5ffd9f5e7853195c61139ef25481c43d1c292d7"}
,"/home/icaro/workfolder/swapy-financial-id/app/config/styles.js": {"path":"/home/icaro/workfolder/swapy-financial-id/app/config/styles.js","statementMap":{},"fnMap":{},"branchMap":{},"s":{},"f":{},"b":{},"_coverageSchema":"332fd63041d2c1bcb487cc26dd0d5f7d97098a6c","hash":"062d8908c063c5abfbc43c03b49abba96112eaf8"}
,"/home/icaro/workfolder/swapy-financial-id/app/lib/identity.js": {"path":"/home/icaro/workfolder/swapy-financial-id/app/lib/identity.js","statementMap":{"0":{"start":{"line":60,"column":4},"end":{"line":60,"column":57}},"1":{"start":{"line":64,"column":4},"end":{"line":87,"column":7}},"2":{"start":{"line":91,"column":4},"end":{"line":94,"column":7}},"3":{"start":{"line":92,"column":6},"end":{"line":93,"column":50}},"4":{"start":{"line":92,"column":27},"end":{"line":92,"column":69}},"5":{"start":{"line":93,"column":11},"end":{"line":93,"column":50}},"6":{"start":{"line":95,"column":4},"end":{"line":95,"column":24}},"7":{"start":{"line":99,"column":35},"end":{"line":99,"column":69}},"8":{"start":{"line":101,"column":4},"end":{"line":107,"column":6}},"9":{"start":{"line":111,"column":4},"end":{"line":115,"column":5}},"10":{"start":{"line":112,"column":6},"end":{"line":112,"column":77}},"11":{"start":{"line":114,"column":6},"end":{"line":114,"column":35}},"12":{"start":{"line":119,"column":4},"end":{"line":123,"column":5}},"13":{"start":{"line":120,"column":6},"end":{"line":120,"column":63}},"14":{"start":{"line":122,"column":6},"end":{"line":122,"column":35}}},"fnMap":{"0":{"name":"(anonymous_0)","decl":{"start":{"line":59,"column":2},"end":{"line":59,"column":3}},"loc":{"start":{"line":59,"column":53},"end":{"line":61,"column":3}},"line":59},"1":{"name":"(anonymous_1)","decl":{"start":{"line":63,"column":2},"end":{"line":63,"column":3}},"loc":{"start":{"line":63,"column":82},"end":{"line":88,"column":3}},"line":63},"2":{"name":"(anonymous_2)","decl":{"start":{"line":90,"column":2},"end":{"line":90,"column":3}},"loc":{"start":{"line":90,"column":114},"end":{"line":96,"column":3}},"line":90},"3":{"name":"(anonymous_3)","decl":{"start":{"line":91,"column":35},"end":{"line":91,"column":36}},"loc":{"start":{"line":91,"column":46},"end":{"line":94,"column":5}},"line":91},"4":{"name":"(anonymous_4)","decl":{"start":{"line":98,"column":2},"end":{"line":98,"column":3}},"loc":{"start":{"line":98,"column":61},"end":{"line":108,"column":3}},"line":98},"5":{"name":"(anonymous_5)","decl":{"start":{"line":110,"column":2},"end":{"line":110,"column":3}},"loc":{"start":{"line":110,"column":64},"end":{"line":116,"column":3}},"line":110},"6":{"name":"(anonymous_6)","decl":{"start":{"line":118,"column":2},"end":{"line":118,"column":3}},"loc":{"start":{"line":118,"column":66},"end":{"line":124,"column":3}},"line":118}},"branchMap":{"0":{"loc":{"start":{"line":90,"column":51},"end":{"line":90,"column":98}},"type":"default-arg","locations":[{"start":{"line":90,"column":80},"end":{"line":90,"column":98}}],"line":90},"1":{"loc":{"start":{"line":92,"column":6},"end":{"line":93,"column":50}},"type":"if","locations":[{"start":{"line":92,"column":6},"end":{"line":93,"column":50}},{"start":{"line":92,"column":6},"end":{"line":93,"column":50}}],"line":92}},"s":{"0":5,"1":0,"2":0,"3":0,"4":0,"5":0,"6":0,"7":0,"8":0,"9":0,"10":0,"11":0,"12":0,"13":0,"14":0},"f":{"0":5,"1":0,"2":0,"3":0,"4":0,"5":0,"6":0},"b":{"0":[0],"1":[0,0]},"_coverageSchema":"332fd63041d2c1bcb487cc26dd0d5f7d97098a6c","hash":"3f35c81c03335bc1a18a4193a3ead7fbb1de14d1"}
,"/home/icaro/workfolder/swapy-financial-id/app/lib/wallet.js": {"path":"/home/icaro/workfolder/swapy-financial-id/app/lib/wallet.js","statementMap":{"0":{"start":{"line":18,"column":4},"end":{"line":26,"column":5}},"1":{"start":{"line":19,"column":6},"end":{"line":21,"column":21}},"2":{"start":{"line":23,"column":6},"end":{"line":23,"column":59}},"3":{"start":{"line":25,"column":6},"end":{"line":25,"column":35}},"4":{"start":{"line":30,"column":4},"end":{"line":34,"column":5}},"5":{"start":{"line":31,"column":6},"end":{"line":31,"column":81}},"6":{"start":{"line":33,"column":6},"end":{"line":33,"column":35}},"7":{"start":{"line":38,"column":4},"end":{"line":42,"column":5}},"8":{"start":{"line":39,"column":6},"end":{"line":39,"column":53}},"9":{"start":{"line":41,"column":6},"end":{"line":41,"column":35}},"10":{"start":{"line":46,"column":4},"end":{"line":56,"column":5}},"11":{"start":{"line":47,"column":25},"end":{"line":47,"column":49}},"12":{"start":{"line":48,"column":6},"end":{"line":52,"column":7}},"13":{"start":{"line":49,"column":8},"end":{"line":50,"column":58}},"14":{"start":{"line":51,"column":8},"end":{"line":51,"column":20}},"15":{"start":{"line":53,"column":6},"end":{"line":53,"column":19}},"16":{"start":{"line":55,"column":6},"end":{"line":55,"column":35}}},"fnMap":{"0":{"name":"(anonymous_0)","decl":{"start":{"line":17,"column":2},"end":{"line":17,"column":3}},"loc":{"start":{"line":17,"column":36},"end":{"line":27,"column":3}},"line":17},"1":{"name":"(anonymous_1)","decl":{"start":{"line":29,"column":2},"end":{"line":29,"column":3}},"loc":{"start":{"line":29,"column":53},"end":{"line":35,"column":3}},"line":29},"2":{"name":"(anonymous_2)","decl":{"start":{"line":37,"column":2},"end":{"line":37,"column":3}},"loc":{"start":{"line":37,"column":39},"end":{"line":43,"column":3}},"line":37},"3":{"name":"(anonymous_3)","decl":{"start":{"line":45,"column":2},"end":{"line":45,"column":3}},"loc":{"start":{"line":45,"column":50},"end":{"line":57,"column":3}},"line":45}},"branchMap":{"0":{"loc":{"start":{"line":48,"column":6},"end":{"line":52,"column":7}},"type":"if","locations":[{"start":{"line":48,"column":6},"end":{"line":52,"column":7}},{"start":{"line":48,"column":6},"end":{"line":52,"column":7}}],"line":48}},"s":{"0":0,"1":0,"2":0,"3":0,"4":0,"5":0,"6":0,"7":1,"8":1,"9":1,"10":1,"11":1,"12":0,"13":0,"14":0,"15":0,"16":0},"f":{"0":0,"1":0,"2":1,"3":1},"b":{"0":[0,0]},"_coverageSchema":"332fd63041d2c1bcb487cc26dd0d5f7d97098a6c","hash":"7426ad504acfc434dc89ff62810c039081ca3e51"}
,"/home/icaro/workfolder/swapy-financial-id/app/screens/home.js": {"path":"/home/icaro/workfolder/swapy-financial-id/app/screens/home.js","statementMap":{"0":{"start":{"line":40,"column":4},"end":{"line":51,"column":5}},"1":{"start":{"line":41,"column":36},"end":{"line":41,"column":80}},"2":{"start":{"line":42,"column":53},"end":{"line":42,"column":94}},"3":{"start":{"line":44,"column":6},"end":{"line":48,"column":7}},"4":{"start":{"line":45,"column":8},"end":{"line":45,"column":59}},"5":{"start":{"line":47,"column":8},"end":{"line":47,"column":65}},"6":{"start":{"line":50,"column":6},"end":{"line":50,"column":27}},"7":{"start":{"line":53,"column":4},"end":{"line":53,"column":24}},"8":{"start":{"line":57,"column":31},"end":{"line":57,"column":76}},"9":{"start":{"line":58,"column":36},"end":{"line":58,"column":123}},"10":{"start":{"line":59,"column":31},"end":{"line":59,"column":69}},"11":{"start":{"line":61,"column":4},"end":{"line":64,"column":7}},"12":{"start":{"line":68,"column":4},"end":{"line":74,"column":5}},"13":{"start":{"line":69,"column":6},"end":{"line":73,"column":10}},"14":{"start":{"line":70,"column":23},"end":{"line":70,"column":47}},"15":{"start":{"line":75,"column":4},"end":{"line":88,"column":6}},"16":{"start":{"line":78,"column":25},"end":{"line":78,"column":69}},"17":{"start":{"line":92,"column":4},"end":{"line":109,"column":6}},"18":{"start":{"line":113,"column":15},"end":{"line":143,"column":2}}},"fnMap":{"0":{"name":"(anonymous_0)","decl":{"start":{"line":39,"column":2},"end":{"line":39,"column":3}},"loc":{"start":{"line":39,"column":28},"end":{"line":54,"column":3}},"line":39},"1":{"name":"(anonymous_1)","decl":{"start":{"line":56,"column":2},"end":{"line":56,"column":3}},"loc":{"start":{"line":56,"column":28},"end":{"line":65,"column":3}},"line":56},"2":{"name":"(anonymous_2)","decl":{"start":{"line":67,"column":2},"end":{"line":67,"column":3}},"loc":{"start":{"line":67,"column":17},"end":{"line":89,"column":3}},"line":67},"3":{"name":"(anonymous_3)","decl":{"start":{"line":70,"column":17},"end":{"line":70,"column":18}},"loc":{"start":{"line":70,"column":23},"end":{"line":70,"column":47}},"line":70},"4":{"name":"(anonymous_4)","decl":{"start":{"line":78,"column":19},"end":{"line":78,"column":20}},"loc":{"start":{"line":78,"column":25},"end":{"line":78,"column":69}},"line":78},"5":{"name":"(anonymous_5)","decl":{"start":{"line":83,"column":19},"end":{"line":83,"column":20}},"loc":{"start":{"line":83,"column":25},"end":{"line":83,"column":27}},"line":83},"6":{"name":"(anonymous_6)","decl":{"start":{"line":91,"column":2},"end":{"line":91,"column":3}},"loc":{"start":{"line":91,"column":11},"end":{"line":110,"column":3}},"line":91}},"branchMap":{"0":{"loc":{"start":{"line":44,"column":6},"end":{"line":48,"column":7}},"type":"if","locations":[{"start":{"line":44,"column":6},"end":{"line":48,"column":7}},{"start":{"line":44,"column":6},"end":{"line":48,"column":7}}],"line":44},"1":{"loc":{"start":{"line":44,"column":10},"end":{"line":44,"column":34}},"type":"binary-expr","locations":[{"start":{"line":44,"column":10},"end":{"line":44,"column":22}},{"start":{"line":44,"column":26},"end":{"line":44,"column":34}}],"line":44},"2":{"loc":{"start":{"line":68,"column":4},"end":{"line":74,"column":5}},"type":"if","locations":[{"start":{"line":68,"column":4},"end":{"line":74,"column":5}},{"start":{"line":68,"column":4},"end":{"line":74,"column":5}}],"line":68},"3":{"loc":{"start":{"line":103,"column":12},"end":{"line":105,"column":33}},"type":"cond-expr","locations":[{"start":{"line":104,"column":14},"end":{"line":104,"column":85}},{"start":{"line":105,"column":14},"end":{"line":105,"column":33}}],"line":103}},"s":{"0":7,"1":7,"2":6,"3":6,"4":4,"5":2,"6":0,"7":6,"8":1,"9":1,"10":1,"11":1,"12":6,"13":4,"14":1,"15":2,"16":1,"17":13,"18":2},"f":{"0":7,"1":1,"2":6,"3":1,"4":1,"5":0,"6":13},"b":{"0":[4,2],"1":[6,4],"2":[4,2],"3":[7,6]},"_coverageSchema":"332fd63041d2c1bcb487cc26dd0d5f7d97098a6c","hash":"508a669367625adc2a872c6c8d610d1738af74a8"}
,"/home/icaro/workfolder/swapy-financial-id/app/screens/profile.js": {"path":"/home/icaro/workfolder/swapy-financial-id/app/screens/profile.js","statementMap":{"0":{"start":{"line":32,"column":4},"end":{"line":32,"column":62}},"1":{"start":{"line":33,"column":4},"end":{"line":79,"column":5}},"2":{"start":{"line":34,"column":46},"end":{"line":34,"column":124}},"3":{"start":{"line":35,"column":6},"end":{"line":63,"column":7}},"4":{"start":{"line":36,"column":8},"end":{"line":38,"column":38}},"5":{"start":{"line":40,"column":8},"end":{"line":44,"column":11}},"6":{"start":{"line":46,"column":8},"end":{"line":53,"column":10}},"7":{"start":{"line":55,"column":8},"end":{"line":62,"column":10}},"8":{"start":{"line":65,"column":6},"end":{"line":69,"column":9}},"9":{"start":{"line":71,"column":6},"end":{"line":78,"column":8}},"10":{"start":{"line":83,"column":4},"end":{"line":115,"column":6}},"11":{"start":{"line":91,"column":16},"end":{"line":98,"column":17}},"12":{"start":{"line":94,"column":20},"end":{"line":97,"column":22}},"13":{"start":{"line":105,"column":25},"end":{"line":112,"column":11}},"14":{"start":{"line":119,"column":4},"end":{"line":128,"column":6}},"15":{"start":{"line":132,"column":15},"end":{"line":136,"column":2}}},"fnMap":{"0":{"name":"(anonymous_0)","decl":{"start":{"line":31,"column":2},"end":{"line":31,"column":3}},"loc":{"start":{"line":31,"column":74},"end":{"line":80,"column":3}},"line":31},"1":{"name":"(anonymous_1)","decl":{"start":{"line":50,"column":35},"end":{"line":50,"column":36}},"loc":{"start":{"line":50,"column":41},"end":{"line":50,"column":43}},"line":50},"2":{"name":"(anonymous_2)","decl":{"start":{"line":59,"column":35},"end":{"line":59,"column":36}},"loc":{"start":{"line":59,"column":41},"end":{"line":59,"column":43}},"line":59},"3":{"name":"(anonymous_3)","decl":{"start":{"line":75,"column":33},"end":{"line":75,"column":34}},"loc":{"start":{"line":75,"column":39},"end":{"line":75,"column":41}},"line":75},"4":{"name":"(anonymous_4)","decl":{"start":{"line":82,"column":2},"end":{"line":82,"column":3}},"loc":{"start":{"line":82,"column":18},"end":{"line":116,"column":3}},"line":82},"5":{"name":"(anonymous_5)","decl":{"start":{"line":90,"column":14},"end":{"line":90,"column":15}},"loc":{"start":{"line":90,"column":20},"end":{"line":99,"column":15}},"line":90},"6":{"name":"(anonymous_6)","decl":{"start":{"line":105,"column":19},"end":{"line":105,"column":20}},"loc":{"start":{"line":105,"column":25},"end":{"line":112,"column":11}},"line":105},"7":{"name":"(anonymous_7)","decl":{"start":{"line":109,"column":37},"end":{"line":109,"column":38}},"loc":{"start":{"line":109,"column":43},"end":{"line":109,"column":45}},"line":109},"8":{"name":"(anonymous_8)","decl":{"start":{"line":118,"column":2},"end":{"line":118,"column":3}},"loc":{"start":{"line":118,"column":11},"end":{"line":129,"column":3}},"line":118}},"branchMap":{"0":{"loc":{"start":{"line":35,"column":6},"end":{"line":63,"column":7}},"type":"if","locations":[{"start":{"line":35,"column":6},"end":{"line":63,"column":7}},{"start":{"line":35,"column":6},"end":{"line":63,"column":7}}],"line":35},"1":{"loc":{"start":{"line":86,"column":10},"end":{"line":101,"column":12}},"type":"cond-expr","locations":[{"start":{"line":86,"column":45},"end":{"line":86,"column":54}},{"start":{"line":87,"column":10},"end":{"line":101,"column":12}}],"line":86},"2":{"loc":{"start":{"line":91,"column":16},"end":{"line":98,"column":17}},"type":"if","locations":[{"start":{"line":91,"column":16},"end":{"line":98,"column":17}},{"start":{"line":91,"column":16},"end":{"line":98,"column":17}}],"line":91},"3":{"loc":{"start":{"line":91,"column":20},"end":{"line":93,"column":84}},"type":"binary-expr","locations":[{"start":{"line":91,"column":20},"end":{"line":91,"column":54}},{"start":{"line":92,"column":18},"end":{"line":92,"column":81}},{"start":{"line":93,"column":18},"end":{"line":93,"column":84}}],"line":91},"4":{"loc":{"start":{"line":123,"column":10},"end":{"line":125,"column":32}},"type":"cond-expr","locations":[{"start":{"line":124,"column":12},"end":{"line":124,"column":83}},{"start":{"line":125,"column":12},"end":{"line":125,"column":32}}],"line":123}},"s":{"0":0,"1":0,"2":0,"3":0,"4":0,"5":0,"6":0,"7":0,"8":0,"9":0,"10":0,"11":0,"12":0,"13":0,"14":0,"15":1},"f":{"0":0,"1":0,"2":0,"3":0,"4":0,"5":0,"6":0,"7":0,"8":0},"b":{"0":[0,0],"1":[0,0],"2":[0,0],"3":[0,0,0],"4":[0,0]},"_coverageSchema":"332fd63041d2c1bcb487cc26dd0d5f7d97098a6c","hash":"2b114a7678f9e171242a3850cf8aa4324156b27f"}
,"/home/icaro/workfolder/swapy-financial-id/app/screens/seedWords.js": {"path":"/home/icaro/workfolder/swapy-financial-id/app/screens/seedWords.js","statementMap":{"0":{"start":{"line":25,"column":4},"end":{"line":29,"column":5}},"1":{"start":{"line":26,"column":6},"end":{"line":26,"column":44}},"2":{"start":{"line":28,"column":6},"end":{"line":28,"column":15}},"3":{"start":{"line":33,"column":4},"end":{"line":33,"column":17}},"4":{"start":{"line":34,"column":4},"end":{"line":34,"column":24}},"5":{"start":{"line":40,"column":21},"end":{"line":40,"column":55}},"6":{"start":{"line":42,"column":4},"end":{"line":42,"column":45}},"7":{"start":{"line":43,"column":4},"end":{"line":43,"column":91}},"8":{"start":{"line":47,"column":31},"end":{"line":47,"column":65}},"9":{"start":{"line":49,"column":4},"end":{"line":51,"column":51}},"10":{"start":{"line":53,"column":4},"end":{"line":53,"column":35}},"11":{"start":{"line":57,"column":47},"end":{"line":62,"column":6}},"12":{"start":{"line":63,"column":4},"end":{"line":63,"column":48}},"13":{"start":{"line":67,"column":4},"end":{"line":84,"column":6}},"14":{"start":{"line":81,"column":25},"end":{"line":81,"column":42}},"15":{"start":{"line":90,"column":15},"end":{"line":104,"column":2}}},"fnMap":{"0":{"name":"(anonymous_0)","decl":{"start":{"line":24,"column":2},"end":{"line":24,"column":3}},"loc":{"start":{"line":24,"column":34},"end":{"line":30,"column":3}},"line":24},"1":{"name":"(anonymous_1)","decl":{"start":{"line":32,"column":2},"end":{"line":32,"column":3}},"loc":{"start":{"line":32,"column":26},"end":{"line":35,"column":3}},"line":32},"2":{"name":"(anonymous_2)","decl":{"start":{"line":39,"column":2},"end":{"line":39,"column":3}},"loc":{"start":{"line":39,"column":23},"end":{"line":44,"column":3}},"line":39},"3":{"name":"(anonymous_3)","decl":{"start":{"line":46,"column":2},"end":{"line":46,"column":3}},"loc":{"start":{"line":46,"column":21},"end":{"line":54,"column":3}},"line":46},"4":{"name":"(anonymous_4)","decl":{"start":{"line":56,"column":2},"end":{"line":56,"column":3}},"loc":{"start":{"line":56,"column":39},"end":{"line":64,"column":3}},"line":56},"5":{"name":"(anonymous_5)","decl":{"start":{"line":66,"column":2},"end":{"line":66,"column":3}},"loc":{"start":{"line":66,"column":11},"end":{"line":85,"column":3}},"line":66},"6":{"name":"(anonymous_6)","decl":{"start":{"line":81,"column":19},"end":{"line":81,"column":20}},"loc":{"start":{"line":81,"column":25},"end":{"line":81,"column":42}},"line":81}},"branchMap":{},"s":{"0":0,"1":0,"2":0,"3":0,"4":0,"5":0,"6":0,"7":0,"8":0,"9":0,"10":0,"11":0,"12":0,"13":0,"14":0,"15":1},"f":{"0":0,"1":0,"2":0,"3":0,"4":0,"5":0,"6":0},"b":{},"_coverageSchema":"332fd63041d2c1bcb487cc26dd0d5f7d97098a6c","hash":"1b6afef589016fce995342f121135ff45dc40083"}
,"/home/icaro/workfolder/swapy-financial-id/app/screens/signUp.js": {"path":"/home/icaro/workfolder/swapy-financial-id/app/screens/signUp.js","statementMap":{"0":{"start":{"line":54,"column":18},"end":{"line":54,"column":20}},"1":{"start":{"line":55,"column":4},"end":{"line":55,"column":27}},"2":{"start":{"line":56,"column":4},"end":{"line":56,"column":25}},"3":{"start":{"line":60,"column":47},"end":{"line":65,"column":6}},"4":{"start":{"line":66,"column":4},"end":{"line":66,"column":48}},"5":{"start":{"line":71,"column":4},"end":{"line":109,"column":5}},"6":{"start":{"line":72,"column":6},"end":{"line":72,"column":64}},"7":{"start":{"line":74,"column":33},"end":{"line":74,"column":84}},"8":{"start":{"line":75,"column":34},"end":{"line":83,"column":23}},"9":{"start":{"line":85,"column":19},"end":{"line":85,"column":93}},"10":{"start":{"line":86,"column":23},"end":{"line":86,"column":61}},"11":{"start":{"line":88,"column":6},"end":{"line":88,"column":85}},"12":{"start":{"line":90,"column":6},"end":{"line":90,"column":65}},"13":{"start":{"line":91,"column":6},"end":{"line":94,"column":9}},"14":{"start":{"line":96,"column":6},"end":{"line":99,"column":9}},"15":{"start":{"line":101,"column":6},"end":{"line":108,"column":8}},"16":{"start":{"line":113,"column":4},"end":{"line":138,"column":6}},"17":{"start":{"line":116,"column":10},"end":{"line":127,"column":12}},"18":{"start":{"line":120,"column":34},"end":{"line":120,"column":74}},"19":{"start":{"line":134,"column":27},"end":{"line":134,"column":48}},"20":{"start":{"line":142,"column":15},"end":{"line":151,"column":2}}},"fnMap":{"0":{"name":"(anonymous_0)","decl":{"start":{"line":53,"column":2},"end":{"line":53,"column":3}},"loc":{"start":{"line":53,"column":48},"end":{"line":57,"column":3}},"line":53},"1":{"name":"(anonymous_1)","decl":{"start":{"line":59,"column":2},"end":{"line":59,"column":3}},"loc":{"start":{"line":59,"column":65},"end":{"line":67,"column":3}},"line":59},"2":{"name":"(anonymous_2)","decl":{"start":{"line":69,"column":2},"end":{"line":69,"column":3}},"loc":{"start":{"line":69,"column":25},"end":{"line":110,"column":3}},"line":69},"3":{"name":"(anonymous_3)","decl":{"start":{"line":105,"column":33},"end":{"line":105,"column":34}},"loc":{"start":{"line":105,"column":39},"end":{"line":105,"column":41}},"line":105},"4":{"name":"(anonymous_4)","decl":{"start":{"line":112,"column":2},"end":{"line":112,"column":3}},"loc":{"start":{"line":112,"column":11},"end":{"line":139,"column":3}},"line":112},"5":{"name":"(anonymous_5)","decl":{"start":{"line":115,"column":25},"end":{"line":115,"column":26}},"loc":{"start":{"line":116,"column":10},"end":{"line":127,"column":12}},"line":116},"6":{"name":"(anonymous_6)","decl":{"start":{"line":120,"column":26},"end":{"line":120,"column":27}},"loc":{"start":{"line":120,"column":34},"end":{"line":120,"column":74}},"line":120},"7":{"name":"(anonymous_7)","decl":{"start":{"line":134,"column":21},"end":{"line":134,"column":22}},"loc":{"start":{"line":134,"column":27},"end":{"line":134,"column":48}},"line":134}},"branchMap":{"0":{"loc":{"start":{"line":123,"column":28},"end":{"line":123,"column":85}},"type":"cond-expr","locations":[{"start":{"line":123,"column":69},"end":{"line":123,"column":75}},{"start":{"line":123,"column":78},"end":{"line":123,"column":85}}],"line":123},"1":{"loc":{"start":{"line":129,"column":9},"end":{"line":136,"column":9}},"type":"cond-expr","locations":[{"start":{"line":130,"column":10},"end":{"line":130,"column":81}},{"start":{"line":132,"column":10},"end":{"line":135,"column":12}}],"line":129}},"s":{"0":0,"1":0,"2":0,"3":0,"4":0,"5":0,"6":0,"7":0,"8":0,"9":0,"10":0,"11":0,"12":0,"13":0,"14":0,"15":0,"16":0,"17":0,"18":0,"19":0,"20":1},"f":{"0":0,"1":0,"2":0,"3":0,"4":0,"5":0,"6":0,"7":0},"b":{"0":[0,0],"1":[0,0]},"_coverageSchema":"332fd63041d2c1bcb487cc26dd0d5f7d97098a6c","hash":"7c9086cd8008e628e49de47b9ecd8815982ab13e"}
,"/home/icaro/workfolder/swapy-financial-id/app/screens/termsOfUse.js": {"path":"/home/icaro/workfolder/swapy-financial-id/app/screens/termsOfUse.js","statementMap":{"0":{"start":{"line":14,"column":19},"end":{"line":28,"column":1}},"1":{"start":{"line":15,"column":2},"end":{"line":27,"column":14}},"2":{"start":{"line":21,"column":21},"end":{"line":21,"column":59}},"3":{"start":{"line":25,"column":21},"end":{"line":25,"column":46}}},"fnMap":{"0":{"name":"(anonymous_0)","decl":{"start":{"line":14,"column":19},"end":{"line":14,"column":20}},"loc":{"start":{"line":15,"column":2},"end":{"line":27,"column":14}},"line":15},"1":{"name":"(anonymous_1)","decl":{"start":{"line":21,"column":15},"end":{"line":21,"column":16}},"loc":{"start":{"line":21,"column":21},"end":{"line":21,"column":59}},"line":21},"2":{"name":"(anonymous_2)","decl":{"start":{"line":25,"column":15},"end":{"line":25,"column":16}},"loc":{"start":{"line":25,"column":21},"end":{"line":25,"column":46}},"line":25}},"branchMap":{},"s":{"0":1,"1":0,"2":0,"3":0},"f":{"0":0,"1":0,"2":0},"b":{},"_coverageSchema":"332fd63041d2c1bcb487cc26dd0d5f7d97098a6c","hash":"e48e5ef07390115bd23dd6da53fa3ec0785f7646"}
,"/home/icaro/workfolder/swapy-financial-id/tests/setup.js": {"path":"/home/icaro/workfolder/swapy-financial-id/tests/setup.js","statementMap":{"0":{"start":{"line":3,"column":18},"end":{"line":3,"column":34}},"1":{"start":{"line":5,"column":14},"end":{"line":5,"column":25}},"2":{"start":{"line":6,"column":19},"end":{"line":6,"column":24}},"3":{"start":{"line":9,"column":16},"end":{"line":11,"column":60}},"4":{"start":{"line":10,"column":20},"end":{"line":10,"column":55}},"5":{"start":{"line":11,"column":17},"end":{"line":11,"column":59}},"6":{"start":{"line":12,"column":2},"end":{"line":12,"column":41}},"7":{"start":{"line":15,"column":0},"end":{"line":15,"column":23}},"8":{"start":{"line":16,"column":0},"end":{"line":16,"column":34}},"9":{"start":{"line":17,"column":0},"end":{"line":19,"column":2}},"10":{"start":{"line":20,"column":0},"end":{"line":20,"column":26}},"11":{"start":{"line":23,"column":15},"end":{"line":23,"column":32}},"12":{"start":{"line":24,"column":16},"end":{"line":24,"column":50}},"13":{"start":{"line":26,"column":0},"end":{"line":26,"column":45}},"14":{"start":{"line":29,"column":0},"end":{"line":31,"column":2}},"15":{"start":{"line":30,"column":2},"end":{"line":30,"column":17}},"16":{"start":{"line":33,"column":0},"end":{"line":33,"column":41}}},"fnMap":{"0":{"name":"copyProps","decl":{"start":{"line":8,"column":9},"end":{"line":8,"column":18}},"loc":{"start":{"line":8,"column":32},"end":{"line":13,"column":1}},"line":8},"1":{"name":"(anonymous_1)","decl":{"start":{"line":10,"column":12},"end":{"line":10,"column":13}},"loc":{"start":{"line":10,"column":20},"end":{"line":10,"column":55}},"line":10},"2":{"name":"(anonymous_2)","decl":{"start":{"line":11,"column":9},"end":{"line":11,"column":10}},"loc":{"start":{"line":11,"column":17},"end":{"line":11,"column":59}},"line":11},"3":{"name":"(anonymous_3)","decl":{"start":{"line":29,"column":16},"end":{"line":29,"column":17}},"loc":{"start":{"line":29,"column":29},"end":{"line":31,"column":1}},"line":29}},"branchMap":{},"s":{"0":7,"1":7,"2":7,"3":7,"4":2275,"5":2149,"6":7,"7":7,"8":7,"9":7,"10":7,"11":7,"12":7,"13":7,"14":7,"15":96,"16":7},"f":{"0":7,"1":2275,"2":2149,"3":96},"b":{},"_coverageSchema":"332fd63041d2c1bcb487cc26dd0d5f7d97098a6c","hash":"86949ce4d0d6be775c4609c2435f9c737af5c2e1"}
}
