TN:
SF:/home/icaro/workfolder/swapy-financial-id/App.js
FN:10,(anonymous_0)
FNF:1
FNH:1
FNDA:1,(anonymous_0)
DA:10,1
LF:1
LH:1
BRF:0
BRH:0
end_of_record
TN:
SF:/home/icaro/workfolder/swapy-financial-id/app/assets/logo.png
FNF:0
FNH:0
DA:1,2
LF:1
LH:1
BRF:0
BRH:0
end_of_record
TN:
SF:/home/icaro/workfolder/swapy-financial-id/app/components/balances.js
FN:22,(anonymous_0)
FN:24,(anonymous_1)
FN:29,(anonymous_2)
FN:31,(anonymous_3)
FN:33,(anonymous_4)
FN:52,(anonymous_5)
FNF:6
FNH:6
FNDA:3,(anonymous_0)
FNDA:1,(anonymous_1)
FNDA:3,(anonymous_2)
FNDA:4,(anonymous_3)
FNDA:4,(anonymous_4)
FNDA:7,(anonymous_5)
DA:23,3
DA:24,3
DA:25,1
DA:29,3
DA:31,4
DA:34,4
DA:35,4
DA:36,4
DA:40,4
DA:41,4
DA:42,4
DA:46,4
DA:53,7
DA:66,7
LF:14
LH:14
BRDA:35,0,0,4
BRDA:35,0,1,0
BRDA:36,1,0,4
BRDA:36,1,1,0
BRDA:40,2,0,4
BRDA:40,2,1,0
BRDA:41,3,0,3
BRDA:41,3,1,1
BRDA:42,4,0,3
BRDA:42,4,1,1
BRDA:56,5,0,4
BRDA:56,5,1,3
BRDA:59,6,0,3
BRDA:59,6,1,4
BRF:14
BRH:11
end_of_record
TN:
SF:/home/icaro/workfolder/swapy-financial-id/app/components/button.js
FN:11,(anonymous_0)
FNF:1
FNH:1
FNDA:8,(anonymous_0)
DA:11,7
DA:12,8
DA:21,7
LF:3
LH:3
BRF:0
BRH:0
end_of_record
TN:
SF:/home/icaro/workfolder/swapy-financial-id/app/components/container.js
FN:10,(anonymous_0)
FNF:1
FNH:1
FNDA:1,(anonymous_0)
DA:10,7
DA:11,1
DA:16,7
DA:20,7
LF:4
LH:4
BRF:0
BRH:0
end_of_record
TN:
SF:/home/icaro/workfolder/swapy-financial-id/app/components/index.js
FNF:0
FNH:0
LF:0
LH:0
BRF:0
BRH:0
end_of_record
TN:
SF:/home/icaro/workfolder/swapy-financial-id/app/components/profileCard.js
FN:16,(anonymous_0)
FNF:1
FNH:1
FNDA:1,(anonymous_0)
DA:16,7
DA:17,1
DA:40,7
DA:49,7
LF:4
LH:4
BRDA:34,0,0,1
BRDA:34,0,1,0
BRF:2
BRH:1
end_of_record
TN:
SF:/home/icaro/workfolder/swapy-financial-id/app/components/textBox.js
FN:12,(anonymous_0)
FNF:1
FNH:1
FNDA:3,(anonymous_0)
DA:12,7
DA:13,3
DA:20,7
DA:24,7
LF:4
LH:4
BRDA:14,0,0,1
BRDA:14,0,1,2
BRF:2
BRH:2
end_of_record
TN:
SF:/home/icaro/workfolder/swapy-financial-id/app/config/router.js
FN:17,(anonymous_0)
FN:23,(anonymous_1)
FN:29,(anonymous_2)
FN:35,(anonymous_3)
FN:41,(anonymous_4)
FNF:5
FNH:1
FNDA:1,(anonymous_0)
FNDA:0,(anonymous_1)
FNDA:0,(anonymous_2)
FNDA:0,(anonymous_3)
FNDA:0,(anonymous_4)
DA:14,1
DA:17,1
DA:23,0
DA:29,0
DA:35,0
DA:41,0
LF:6
LH:2
BRF:0
BRH:0
end_of_record
TN:
SF:/home/icaro/workfolder/swapy-financial-id/app/config/styles.js
FNF:0
FNH:0
LF:0
LH:0
BRF:0
BRH:0
end_of_record
TN:
SF:/home/icaro/workfolder/swapy-financial-id/app/lib/identity.js
FN:59,(anonymous_0)
FN:63,(anonymous_1)
FN:90,(anonymous_2)
FN:91,(anonymous_3)
FN:98,(anonymous_4)
FN:110,(anonymous_5)
FN:118,(anonymous_6)
FNF:7
FNH:1
FNDA:5,(anonymous_0)
FNDA:0,(anonymous_1)
FNDA:0,(anonymous_2)
FNDA:0,(anonymous_3)
FNDA:0,(anonymous_4)
FNDA:0,(anonymous_5)
FNDA:0,(anonymous_6)
DA:60,5
DA:64,0
DA:91,0
DA:92,0
DA:93,0
DA:95,0
DA:99,0
DA:101,0
DA:111,0
DA:112,0
DA:114,0
DA:119,0
DA:120,0
DA:122,0
LF:14
LH:1
BRDA:90,0,0,0
BRDA:92,1,0,0
BRDA:92,1,1,0
BRF:3
BRH:0
end_of_record
TN:
SF:/home/icaro/workfolder/swapy-financial-id/app/lib/wallet.js
FN:17,(anonymous_0)
FN:29,(anonymous_1)
FN:37,(anonymous_2)
FN:45,(anonymous_3)
FNF:4
FNH:2
FNDA:0,(anonymous_0)
FNDA:0,(anonymous_1)
FNDA:1,(anonymous_2)
FNDA:1,(anonymous_3)
DA:18,0
DA:19,0
DA:23,0
DA:25,0
DA:30,0
DA:31,0
DA:33,0
DA:38,1
DA:39,1
DA:41,1
DA:46,1
DA:47,1
DA:48,0
DA:49,0
DA:51,0
DA:53,0
DA:55,0
LF:17
LH:5
BRDA:48,0,0,0
BRDA:48,0,1,0
BRF:2
BRH:0
end_of_record
TN:
SF:/home/icaro/workfolder/swapy-financial-id/app/screens/home.js
FN:39,(anonymous_0)
FN:56,(anonymous_1)
FN:67,(anonymous_2)
FN:70,(anonymous_3)
FN:78,(anonymous_4)
FN:83,(anonymous_5)
FN:91,(anonymous_6)
FNF:7
FNH:6
FNDA:7,(anonymous_0)
FNDA:1,(anonymous_1)
FNDA:6,(anonymous_2)
FNDA:1,(anonymous_3)
FNDA:1,(anonymous_4)
FNDA:0,(anonymous_5)
FNDA:13,(anonymous_6)
DA:40,7
DA:41,7
DA:42,6
DA:44,6
DA:45,4
DA:47,2
DA:50,0
DA:53,6
DA:57,1
DA:58,1
DA:59,1
DA:61,1
DA:68,6
DA:69,4
DA:70,1
DA:75,2
DA:78,1
DA:92,13
DA:113,2
LF:19
LH:18
BRDA:44,0,0,4
BRDA:44,0,1,2
BRDA:44,1,0,6
BRDA:44,1,1,4
BRDA:68,2,0,4
BRDA:68,2,1,2
BRDA:103,3,0,7
BRDA:103,3,1,6
BRF:8
BRH:8
end_of_record
TN:
SF:/home/icaro/workfolder/swapy-financial-id/app/screens/profile.js
FN:31,(anonymous_0)
FN:50,(anonymous_1)
FN:59,(anonymous_2)
FN:75,(anonymous_3)
FN:82,(anonymous_4)
FN:90,(anonymous_5)
FN:105,(anonymous_6)
FN:109,(anonymous_7)
FN:118,(anonymous_8)
FNF:9
FNH:0
FNDA:0,(anonymous_0)
FNDA:0,(anonymous_1)
FNDA:0,(anonymous_2)
FNDA:0,(anonymous_3)
FNDA:0,(anonymous_4)
FNDA:0,(anonymous_5)
FNDA:0,(anonymous_6)
FNDA:0,(anonymous_7)
FNDA:0,(anonymous_8)
DA:32,0
DA:33,0
DA:34,0
DA:35,0
DA:36,0
DA:40,0
DA:46,0
DA:55,0
DA:65,0
DA:71,0
DA:83,0
DA:91,0
DA:94,0
DA:105,0
DA:119,0
DA:132,1
LF:16
LH:1
BRDA:35,0,0,0
BRDA:35,0,1,0
BRDA:86,1,0,0
BRDA:86,1,1,0
BRDA:91,2,0,0
BRDA:91,2,1,0
BRDA:91,3,0,0
BRDA:91,3,1,0
BRDA:91,3,2,0
BRDA:123,4,0,0
BRDA:123,4,1,0
BRF:11
BRH:0
end_of_record
TN:
SF:/home/icaro/workfolder/swapy-financial-id/app/screens/seedWords.js
FN:24,(anonymous_0)
FN:32,(anonymous_1)
FN:39,(anonymous_2)
FN:46,(anonymous_3)
FN:56,(anonymous_4)
FN:66,(anonymous_5)
FN:81,(anonymous_6)
FNF:7
FNH:0
FNDA:0,(anonymous_0)
FNDA:0,(anonymous_1)
FNDA:0,(anonymous_2)
FNDA:0,(anonymous_3)
FNDA:0,(anonymous_4)
FNDA:0,(anonymous_5)
FNDA:0,(anonymous_6)
DA:25,0
DA:26,0
DA:28,0
DA:33,0
DA:34,0
DA:40,0
DA:42,0
DA:43,0
DA:47,0
DA:49,0
DA:53,0
DA:57,0
DA:63,0
DA:67,0
DA:81,0
DA:90,1
LF:16
LH:1
BRF:0
BRH:0
end_of_record
TN:
SF:/home/icaro/workfolder/swapy-financial-id/app/screens/signUp.js
FN:53,(anonymous_0)
FN:59,(anonymous_1)
FN:69,(anonymous_2)
FN:105,(anonymous_3)
FN:112,(anonymous_4)
FN:115,(anonymous_5)
FN:120,(anonymous_6)
FN:134,(anonymous_7)
FNF:8
FNH:0
FNDA:0,(anonymous_0)
FNDA:0,(anonymous_1)
FNDA:0,(anonymous_2)
FNDA:0,(anonymous_3)
FNDA:0,(anonymous_4)
FNDA:0,(anonymous_5)
FNDA:0,(anonymous_6)
FNDA:0,(anonymous_7)
DA:54,0
DA:55,0
DA:56,0
DA:60,0
DA:66,0
DA:71,0
DA:72,0
DA:74,0
DA:75,0
DA:85,0
DA:86,0
DA:88,0
DA:90,0
DA:91,0
DA:96,0
DA:101,0
DA:113,0
DA:116,0
DA:120,0
DA:134,0
DA:142,1
LF:21
LH:1
BRDA:123,0,0,0
BRDA:123,0,1,0
BRDA:129,1,0,0
BRDA:129,1,1,0
BRF:4
BRH:0
end_of_record
TN:
SF:/home/icaro/workfolder/swapy-financial-id/app/screens/termsOfUse.js
FN:14,(anonymous_0)
FN:21,(anonymous_1)
FN:25,(anonymous_2)
FNF:3
FNH:0
FNDA:0,(anonymous_0)
FNDA:0,(anonymous_1)
FNDA:0,(anonymous_2)
DA:14,1
DA:15,0
DA:21,0
DA:25,0
LF:4
LH:1
BRF:0
BRH:0
end_of_record
TN:
SF:/home/icaro/workfolder/swapy-financial-id/tests/setup.js
FN:8,copyProps
FN:10,(anonymous_1)
FN:11,(anonymous_2)
FN:29,(anonymous_3)
FNF:4
FNH:4
FNDA:7,copyProps
FNDA:2275,(anonymous_1)
FNDA:2149,(anonymous_2)
FNDA:96,(anonymous_3)
DA:3,7
DA:5,7
DA:6,7
DA:9,7
DA:10,2275
DA:11,2149
DA:12,7
DA:15,7
DA:16,7
DA:17,7
DA:20,7
DA:23,7
DA:24,7
DA:26,7
DA:29,7
DA:30,96
DA:33,7
LF:17
LH:17
BRF:0
BRH:0
end_of_record
